2025-09-05 10:03:34,381 [Worker-8: Loading available Gradle versions] INFO  o.e.b.c.i.u.g.PublishedGradleVersions - Gradle version information cache is up-to-date. Trying to read.
2025-09-05 10:04:15,298 [Worker-18: Importing Maven projects] INFO  o.e.m.c.i.l.LifecycleMappingFactory - Using org.maven.ide.eclipse.wtp.WarLifecycleMapping lifecycle mapping for MavenProject: co.edu.unbosque:proyectocorte2back:0.0.1-SNAPSHOT @ D:\ProyectoCorte2\proyectocorte2back\proyectocorte2back\pom.xml.
2025-09-05 10:04:17,417 [Worker-18: Importing Maven projects] INFO  o.e.m.j.i.AbstractJavaProjectConfigurator - Adding source folder /proyectocorte2back/src/main/java
2025-09-05 10:04:17,419 [Worker-18: Importing Maven projects] INFO  o.e.m.j.i.AbstractJavaProjectConfigurator - Adding resource folder /proyectocorte2back/src/main/resources
2025-09-05 10:04:17,451 [Worker-18: Importing Maven projects] INFO  o.e.m.j.i.AbstractJavaProjectConfigurator - Adding resource folder /proyectocorte2back/src/main/resources
2025-09-05 10:04:17,484 [Worker-18: Importing Maven projects] INFO  o.e.m.j.i.AbstractJavaProjectConfigurator - Adding source folder /proyectocorte2back/src/test/java
2025-09-05 10:04:17,485 [Worker-18: Importing Maven projects] INFO  o.e.m.j.i.AbstractJavaProjectConfigurator - Adding resource folder /proyectocorte2back/src/test/resources
2025-09-05 10:04:23,353 [Worker-18: Importing Maven projects] INFO  o.e.m.c.i.p.ProjectConfigurationManager - Imported and configured 1 project(s) in 11 sec
2025-09-05 10:04:24,020 [Worker-5: Updating Maven Project] INFO  o.e.m.c.i.p.ProjectConfigurationManager - Update started
2025-09-05 10:04:24,875 [Worker-5: Updating Maven Project] INFO  o.e.m.c.i.l.LifecycleMappingFactory - Using org.maven.ide.eclipse.wtp.WarLifecycleMapping lifecycle mapping for MavenProject: co.edu.unbosque:proyectocorte2back:0.0.1-SNAPSHOT @ D:\ProyectoCorte2\proyectocorte2back\proyectocorte2back\pom.xml.
2025-09-05 10:04:25,908 [Worker-5: Updating Maven Project] INFO  o.e.m.j.i.AbstractJavaProjectConfigurator - Adding source folder /proyectocorte2back/src/main/java
2025-09-05 10:04:25,908 [Worker-5: Updating Maven Project] INFO  o.e.m.j.i.AbstractJavaProjectConfigurator - Adding resource folder /proyectocorte2back/src/main/resources
2025-09-05 10:04:25,908 [Worker-5: Updating Maven Project] INFO  o.e.m.j.i.AbstractJavaProjectConfigurator - Adding resource folder /proyectocorte2back/src/main/resources
2025-09-05 10:04:25,909 [Worker-5: Updating Maven Project] INFO  o.e.m.j.i.AbstractJavaProjectConfigurator - Adding source folder /proyectocorte2back/src/test/java
2025-09-05 10:04:25,909 [Worker-5: Updating Maven Project] INFO  o.e.m.j.i.AbstractJavaProjectConfigurator - Adding resource folder /proyectocorte2back/src/test/resources
2025-09-05 10:04:27,669 [Worker-5: Updating Maven Project] INFO  o.e.m.w.i.f.ResourceFilteringBuildParticipant - Cleaning filtered folder for proyectocorte2back
2025-09-05 10:04:27,711 [Worker-5: Updating Maven Project] INFO  o.e.m.c.i.p.ProjectConfigurationManager - Update completed for 1 poms: local refresh takes 0,00 sec, refresh facades takes 1,00 sec, update config takes 1,00 sec 
2025-09-05 10:04:30,315 [Worker-21: Building] INFO  o.a.m.s.f.DefaultMavenResourcesFiltering - Copying 1 resource from src\main\resources to target\classes
2025-09-05 10:04:30,492 [Worker-21: Building] INFO  o.a.m.s.f.DefaultMavenResourcesFiltering - Copying 0 resource from src\main\resources to target\classes
2025-09-05 10:04:30,509 [Worker-21: Building] INFO  o.a.m.s.f.DefaultMavenResourcesFiltering - skip non existing resourceDirectory D:\ProyectoCorte2\proyectocorte2back\proyectocorte2back\src\test\resources
2025-09-05 10:04:30,512 [Worker-21: Building] INFO  o.e.m.w.i.f.ResourceFilteringBuildParticipant - Changed resources require a complete clean of filtered resources of proyectocorte2back
2025-09-05 10:04:30,514 [Worker-21: Building] INFO  o.e.m.w.i.f.ResourceFilteringBuildParticipant - Executing resource filtering for proyectocorte2back
2025-09-09 09:25:30,962 [Worker-5: Loading available Gradle versions] INFO  o.e.b.c.i.u.g.PublishedGradleVersions - Gradle version information cache is up-to-date. Trying to read.
2025-09-16 16:13:25,377 [Worker-7: Loading available Gradle versions] INFO  o.e.b.c.i.u.g.PublishedGradleVersions - Gradle version information cache is up-to-date. Trying to read.
2025-09-16 16:14:02,070 [Worker-35: Importing Maven projects] INFO  o.e.m.c.i.l.LifecycleMappingFactory - Using org.maven.ide.eclipse.wtp.WarLifecycleMapping lifecycle mapping for MavenProject: co.edu.unbosque:proyectocorte2back:0.0.1-SNAPSHOT @ E:\ProyectoCorte2\proyectocorte2back\proyectocorte2back\pom.xml.
2025-09-16 16:14:05,521 [Worker-35: Importing Maven projects] INFO  o.e.m.j.i.AbstractJavaProjectConfigurator - Adding source folder /proyectocorte2back/src/main/java
2025-09-16 16:14:05,522 [Worker-35: Importing Maven projects] INFO  o.e.m.j.i.AbstractJavaProjectConfigurator - Adding resource folder /proyectocorte2back/src/main/resources
2025-09-16 16:14:05,523 [Worker-35: Importing Maven projects] INFO  o.e.m.j.i.AbstractJavaProjectConfigurator - Adding resource folder /proyectocorte2back/src/main/resources
2025-09-16 16:14:05,524 [Worker-35: Importing Maven projects] INFO  o.e.m.j.i.AbstractJavaProjectConfigurator - Adding source folder /proyectocorte2back/src/test/java
2025-09-16 16:14:05,524 [Worker-35: Importing Maven projects] INFO  o.e.m.j.i.AbstractJavaProjectConfigurator - Adding resource folder /proyectocorte2back/src/test/resources
2025-09-16 16:14:07,777 [Worker-35: Importing Maven projects] INFO  o.e.m.c.i.p.ProjectConfigurationManager - Imported and configured 1 project(s) in 19 sec
2025-09-16 16:14:12,843 [Worker-34: Building] INFO  o.a.m.s.f.DefaultMavenResourcesFiltering - Copying 1 resource from src\main\resources to target\classes
2025-09-16 16:14:12,876 [Worker-34: Building] INFO  o.a.m.s.f.DefaultMavenResourcesFiltering - Copying 0 resource from src\main\resources to target\classes
2025-09-16 16:14:12,880 [Worker-34: Building] INFO  o.a.m.s.f.DefaultMavenResourcesFiltering - skip non existing resourceDirectory E:\ProyectoCorte2\proyectocorte2back\proyectocorte2back\src\test\resources
2025-09-16 16:18:31,455 [Worker-41: Enabling Maven Dependency Management] INFO  o.e.m.c.i.l.LifecycleMappingFactory - Using org.maven.ide.eclipse.wtp.WarLifecycleMapping lifecycle mapping for MavenProject: co.edu.unbosque:proyectocorte2frontadul:0.0.1-SNAPSHOT @ E:\ProyectoCorte2\proyectocorte2frontadul\pom.xml.
2025-09-16 16:18:33,311 [Worker-41: Enabling Maven Dependency Management] INFO  o.e.m.j.i.AbstractJavaProjectConfigurator - Adding source folder /proyectocorte2frontadul/src/main/java
2025-09-16 16:18:33,311 [Worker-41: Enabling Maven Dependency Management] INFO  o.e.m.j.i.AbstractJavaProjectConfigurator - Adding resource folder /proyectocorte2frontadul/src/main/resources
2025-09-16 16:18:33,311 [Worker-41: Enabling Maven Dependency Management] INFO  o.e.m.j.i.AbstractJavaProjectConfigurator - Adding source folder /proyectocorte2frontadul/src/test/java
2025-09-16 16:18:33,311 [Worker-41: Enabling Maven Dependency Management] INFO  o.e.m.j.i.AbstractJavaProjectConfigurator - Adding resource folder /proyectocorte2frontadul/src/test/resources
2025-09-16 16:18:34,732 [Worker-41: Enabling Maven Dependency Management] INFO  o.e.m.c.i.p.ProjectConfigurationManager - Update started
2025-09-16 16:18:34,975 [Worker-41: Enabling Maven Dependency Management] INFO  o.e.m.c.i.l.LifecycleMappingFactory - Using org.maven.ide.eclipse.wtp.WarLifecycleMapping lifecycle mapping for MavenProject: co.edu.unbosque:proyectocorte2frontadul:0.0.1-SNAPSHOT @ E:\ProyectoCorte2\proyectocorte2frontadul\pom.xml.
2025-09-16 16:18:35,244 [Worker-41: Enabling Maven Dependency Management] INFO  o.e.m.j.i.AbstractJavaProjectConfigurator - Adding source folder /proyectocorte2frontadul/src/main/java
2025-09-16 16:18:35,245 [Worker-41: Enabling Maven Dependency Management] INFO  o.e.m.j.i.AbstractJavaProjectConfigurator - Adding resource folder /proyectocorte2frontadul/src/main/resources
2025-09-16 16:18:35,245 [Worker-41: Enabling Maven Dependency Management] INFO  o.e.m.j.i.AbstractJavaProjectConfigurator - Adding source folder /proyectocorte2frontadul/src/test/java
2025-09-16 16:18:35,245 [Worker-41: Enabling Maven Dependency Management] INFO  o.e.m.j.i.AbstractJavaProjectConfigurator - Adding resource folder /proyectocorte2frontadul/src/test/resources
2025-09-16 16:18:35,399 [Worker-41: Enabling Maven Dependency Management] INFO  o.e.m.w.i.f.ResourceFilteringBuildParticipant - Cleaning filtered folder for proyectocorte2frontadul
2025-09-16 16:18:35,429 [Worker-41: Enabling Maven Dependency Management] INFO  o.e.m.c.i.p.ProjectConfigurationManager - Update completed for 1 poms: local refresh takes 0.00 sec, refresh facades takes 0.00 sec, update config takes 0.00 sec 
2025-09-16 16:18:35,594 [Worker-42: Building] WARN  o.a.m.s.f.DefaultMavenResourcesFiltering - Using platform encoding (UTF-8 actually) to copy filtered resources, i.e. build is platform dependent!
2025-09-16 16:18:35,605 [Worker-42: Building] INFO  o.a.m.s.f.DefaultMavenResourcesFiltering - skip non existing resourceDirectory E:\ProyectoCorte2\proyectocorte2frontadul\src\main\resources
2025-09-16 16:18:35,608 [Worker-42: Building] WARN  o.a.m.s.f.DefaultMavenResourcesFiltering - Using platform encoding (UTF-8 actually) to copy filtered resources, i.e. build is platform dependent!
2025-09-16 16:18:35,619 [Worker-42: Building] INFO  o.a.m.s.f.DefaultMavenResourcesFiltering - skip non existing resourceDirectory E:\ProyectoCorte2\proyectocorte2frontadul\src\test\resources
2025-09-16 16:18:35,619 [Worker-42: Building] INFO  o.e.m.w.i.f.ResourceFilteringBuildParticipant - Changed resources require a complete clean of filtered resources of proyectocorte2frontadul
2025-09-16 16:18:35,620 [Worker-42: Building] INFO  o.e.m.w.i.f.ResourceFilteringBuildParticipant - Executing resource filtering for proyectocorte2frontadul
2025-09-16 16:21:37,283 [Worker-48: Building] INFO  o.e.m.c.i.l.LifecycleMappingFactory - Using org.maven.ide.eclipse.wtp.WarLifecycleMapping lifecycle mapping for MavenProject: co.edu.unbosque:ProyectoFinalCorte1:0.0.1-SNAPSHOT @ E:\ProyectoCorte2\PRG2_BautistaErik_CepedaMateo_proyectocorte1 (1)\ProyectoCorte1\pom.xml.
2025-09-16 16:21:42,645 [Worker-48: Building] WARN  o.a.m.s.f.DefaultMavenResourcesFiltering - Using platform encoding (UTF-8 actually) to copy filtered resources, i.e. build is platform dependent!
2025-09-16 16:21:42,665 [Worker-48: Building] INFO  o.a.m.s.f.DefaultMavenResourcesFiltering - skip non existing resourceDirectory E:\ProyectoCorte2\PRG2_BautistaErik_CepedaMateo_proyectocorte1 (1)\ProyectoCorte1\src\main\resources
2025-09-16 16:21:42,669 [Worker-48: Building] WARN  o.a.m.s.f.DefaultMavenResourcesFiltering - Using platform encoding (UTF-8 actually) to copy filtered resources, i.e. build is platform dependent!
2025-09-16 16:21:42,693 [Worker-48: Building] INFO  o.a.m.s.f.DefaultMavenResourcesFiltering - skip non existing resourceDirectory E:\ProyectoCorte2\PRG2_BautistaErik_CepedaMateo_proyectocorte1 (1)\ProyectoCorte1\src\test\resources
2025-09-16 16:25:24,304 [Worker-47: Building] INFO  o.e.m.c.i.l.LifecycleMappingFactory - Using org.maven.ide.eclipse.wtp.WarLifecycleMapping lifecycle mapping for MavenProject: co.edu.unbosque:proyectocorte2frontadul:0.0.1-SNAPSHOT @ E:\ProyectoCorte2\proyectocorte2frontadul\pom.xml.
2025-09-16 16:25:24,766 [Worker-47: Building] WARN  o.a.m.s.f.DefaultMavenResourcesFiltering - Using platform encoding (UTF-8 actually) to copy filtered resources, i.e. build is platform dependent!
2025-09-16 16:25:24,818 [Worker-47: Building] INFO  o.a.m.s.f.DefaultMavenResourcesFiltering - skip non existing resourceDirectory E:\ProyectoCorte2\proyectocorte2frontadul\src\main\resources
2025-09-16 16:25:24,824 [Worker-47: Building] WARN  o.a.m.s.f.DefaultMavenResourcesFiltering - Using platform encoding (UTF-8 actually) to copy filtered resources, i.e. build is platform dependent!
2025-09-16 16:25:24,853 [Worker-47: Building] INFO  o.a.m.s.f.DefaultMavenResourcesFiltering - skip non existing resourceDirectory E:\ProyectoCorte2\proyectocorte2frontadul\src\test\resources
2025-09-16 16:25:24,854 [Worker-47: Building] INFO  o.e.m.w.i.f.ResourceFilteringBuildParticipant - Changed resources require a complete clean of filtered resources of proyectocorte2frontadul
2025-09-16 16:25:24,855 [Worker-47: Building] INFO  o.e.m.w.i.f.ResourceFilteringBuildParticipant - Executing resource filtering for proyectocorte2frontadul
2025-09-16 16:26:36,669 [Worker-54: Building Workspace] INFO  o.e.m.c.i.l.LifecycleMappingFactory - Using org.maven.ide.eclipse.wtp.WarLifecycleMapping lifecycle mapping for MavenProject: co.edu.unbosque:proyectocorte2frontadul:0.0.1-SNAPSHOT @ E:\ProyectoCorte2\proyectocorte2frontadul\pom.xml.
2025-09-16 16:26:37,131 [Worker-54: Building Workspace] WARN  o.a.m.s.f.DefaultMavenResourcesFiltering - Using platform encoding (UTF-8 actually) to copy filtered resources, i.e. build is platform dependent!
2025-09-16 16:26:37,154 [Worker-54: Building Workspace] INFO  o.a.m.s.f.DefaultMavenResourcesFiltering - skip non existing resourceDirectory E:\ProyectoCorte2\proyectocorte2frontadul\src\main\resources
2025-09-16 16:26:37,157 [Worker-54: Building Workspace] WARN  o.a.m.s.f.DefaultMavenResourcesFiltering - Using platform encoding (UTF-8 actually) to copy filtered resources, i.e. build is platform dependent!
2025-09-16 16:26:37,177 [Worker-54: Building Workspace] INFO  o.a.m.s.f.DefaultMavenResourcesFiltering - skip non existing resourceDirectory E:\ProyectoCorte2\proyectocorte2frontadul\src\test\resources
2025-09-16 16:26:37,178 [Worker-54: Building Workspace] INFO  o.e.m.w.i.f.ResourceFilteringBuildParticipant - Changed resources require a complete clean of filtered resources of proyectocorte2frontadul
2025-09-16 16:26:37,178 [Worker-54: Building Workspace] INFO  o.e.m.w.i.f.ResourceFilteringBuildParticipant - Executing resource filtering for proyectocorte2frontadul
2025-09-16 16:26:46,602 [Worker-54: Building] WARN  o.a.m.s.f.DefaultMavenResourcesFiltering - Using platform encoding (UTF-8 actually) to copy filtered resources, i.e. build is platform dependent!
2025-09-16 16:26:46,624 [Worker-54: Building] INFO  o.a.m.s.f.DefaultMavenResourcesFiltering - skip non existing resourceDirectory E:\ProyectoCorte2\proyectocorte2frontadul\src\main\resources
2025-09-16 16:26:46,627 [Worker-54: Building] WARN  o.a.m.s.f.DefaultMavenResourcesFiltering - Using platform encoding (UTF-8 actually) to copy filtered resources, i.e. build is platform dependent!
2025-09-16 16:26:46,645 [Worker-54: Building] INFO  o.a.m.s.f.DefaultMavenResourcesFiltering - skip non existing resourceDirectory E:\ProyectoCorte2\proyectocorte2frontadul\src\test\resources
2025-09-16 16:34:53,931 [Worker-60: Building] WARN  o.a.m.s.f.DefaultMavenResourcesFiltering - Using platform encoding (UTF-8 actually) to copy filtered resources, i.e. build is platform dependent!
2025-09-16 16:34:53,957 [Worker-60: Building] INFO  o.a.m.s.f.DefaultMavenResourcesFiltering - skip non existing resourceDirectory E:\ProyectoCorte2\proyectocorte2frontadul\src\main\resources
2025-09-16 16:34:53,961 [Worker-60: Building] WARN  o.a.m.s.f.DefaultMavenResourcesFiltering - Using platform encoding (UTF-8 actually) to copy filtered resources, i.e. build is platform dependent!
2025-09-16 16:34:53,980 [Worker-60: Building] INFO  o.a.m.s.f.DefaultMavenResourcesFiltering - skip non existing resourceDirectory E:\ProyectoCorte2\proyectocorte2frontadul\src\test\resources
2025-09-16 16:35:31,693 [Worker-58: Building] WARN  o.a.m.s.f.DefaultMavenResourcesFiltering - Using platform encoding (UTF-8 actually) to copy filtered resources, i.e. build is platform dependent!
2025-09-16 16:35:31,718 [Worker-58: Building] INFO  o.a.m.s.f.DefaultMavenResourcesFiltering - skip non existing resourceDirectory E:\ProyectoCorte2\proyectocorte2frontadul\src\main\resources
2025-09-16 16:35:31,721 [Worker-58: Building] WARN  o.a.m.s.f.DefaultMavenResourcesFiltering - Using platform encoding (UTF-8 actually) to copy filtered resources, i.e. build is platform dependent!
2025-09-16 16:35:31,740 [Worker-58: Building] INFO  o.a.m.s.f.DefaultMavenResourcesFiltering - skip non existing resourceDirectory E:\ProyectoCorte2\proyectocorte2frontadul\src\test\resources
2025-09-16 16:35:36,142 [Worker-58: Building] WARN  o.a.m.s.f.DefaultMavenResourcesFiltering - Using platform encoding (UTF-8 actually) to copy filtered resources, i.e. build is platform dependent!
2025-09-16 16:35:36,164 [Worker-58: Building] INFO  o.a.m.s.f.DefaultMavenResourcesFiltering - skip non existing resourceDirectory E:\ProyectoCorte2\proyectocorte2frontadul\src\main\resources
2025-09-16 16:35:36,167 [Worker-58: Building] WARN  o.a.m.s.f.DefaultMavenResourcesFiltering - Using platform encoding (UTF-8 actually) to copy filtered resources, i.e. build is platform dependent!
2025-09-16 16:35:36,189 [Worker-58: Building] INFO  o.a.m.s.f.DefaultMavenResourcesFiltering - skip non existing resourceDirectory E:\ProyectoCorte2\proyectocorte2frontadul\src\test\resources
2025-09-16 16:37:08,527 [Worker-56: Building] WARN  o.a.m.s.f.DefaultMavenResourcesFiltering - Using platform encoding (UTF-8 actually) to copy filtered resources, i.e. build is platform dependent!
2025-09-16 16:37:08,545 [Worker-56: Building] INFO  o.a.m.s.f.DefaultMavenResourcesFiltering - skip non existing resourceDirectory E:\ProyectoCorte2\proyectocorte2frontadul\src\main\resources
2025-09-16 16:37:08,547 [Worker-56: Building] WARN  o.a.m.s.f.DefaultMavenResourcesFiltering - Using platform encoding (UTF-8 actually) to copy filtered resources, i.e. build is platform dependent!
2025-09-16 16:37:08,561 [Worker-56: Building] INFO  o.a.m.s.f.DefaultMavenResourcesFiltering - skip non existing resourceDirectory E:\ProyectoCorte2\proyectocorte2frontadul\src\test\resources
2025-09-16 16:37:15,883 [Worker-47: Building] WARN  o.a.m.s.f.DefaultMavenResourcesFiltering - Using platform encoding (UTF-8 actually) to copy filtered resources, i.e. build is platform dependent!
2025-09-16 16:37:15,895 [Worker-47: Building] INFO  o.a.m.s.f.DefaultMavenResourcesFiltering - skip non existing resourceDirectory E:\ProyectoCorte2\proyectocorte2frontadul\src\main\resources
2025-09-16 16:37:15,897 [Worker-47: Building] WARN  o.a.m.s.f.DefaultMavenResourcesFiltering - Using platform encoding (UTF-8 actually) to copy filtered resources, i.e. build is platform dependent!
2025-09-16 16:37:15,907 [Worker-47: Building] INFO  o.a.m.s.f.DefaultMavenResourcesFiltering - skip non existing resourceDirectory E:\ProyectoCorte2\proyectocorte2frontadul\src\test\resources
2025-09-16 16:40:30,567 [Worker-64: Building] WARN  o.a.m.s.f.DefaultMavenResourcesFiltering - Using platform encoding (UTF-8 actually) to copy filtered resources, i.e. build is platform dependent!
2025-09-16 16:40:30,596 [Worker-64: Building] INFO  o.a.m.s.f.DefaultMavenResourcesFiltering - skip non existing resourceDirectory E:\ProyectoCorte2\proyectocorte2frontadul\src\main\resources
2025-09-16 16:40:30,599 [Worker-64: Building] WARN  o.a.m.s.f.DefaultMavenResourcesFiltering - Using platform encoding (UTF-8 actually) to copy filtered resources, i.e. build is platform dependent!
2025-09-16 16:40:30,618 [Worker-64: Building] INFO  o.a.m.s.f.DefaultMavenResourcesFiltering - skip non existing resourceDirectory E:\ProyectoCorte2\proyectocorte2frontadul\src\test\resources
2025-09-16 16:56:50,736 [Worker-70: Enabling Maven Dependency Management] INFO  o.e.m.c.i.l.LifecycleMappingFactory - Using org.maven.ide.eclipse.wtp.WarLifecycleMapping lifecycle mapping for MavenProject: co.edu.unbosque:proyectocorte2frontinfan:0.0.1-SNAPSHOT @ E:\ProyectoCorte2\proyectocorte2frontinfan\pom.xml.
2025-09-16 16:56:51,601 [Worker-70: Enabling Maven Dependency Management] INFO  o.e.m.j.i.AbstractJavaProjectConfigurator - Adding source folder /proyectocorte2frontinfan/src/main/java
2025-09-16 16:56:51,602 [Worker-70: Enabling Maven Dependency Management] INFO  o.e.m.j.i.AbstractJavaProjectConfigurator - Adding resource folder /proyectocorte2frontinfan/src/main/resources
2025-09-16 16:56:51,603 [Worker-70: Enabling Maven Dependency Management] INFO  o.e.m.j.i.AbstractJavaProjectConfigurator - Adding source folder /proyectocorte2frontinfan/src/test/java
2025-09-16 16:56:51,603 [Worker-70: Enabling Maven Dependency Management] INFO  o.e.m.j.i.AbstractJavaProjectConfigurator - Adding resource folder /proyectocorte2frontinfan/src/test/resources
2025-09-16 16:56:53,404 [Worker-70: Enabling Maven Dependency Management] INFO  o.e.m.c.i.p.ProjectConfigurationManager - Update started
2025-09-16 16:56:53,442 [Worker-70: Enabling Maven Dependency Management] INFO  o.e.m.c.i.l.LifecycleMappingFactory - Using org.maven.ide.eclipse.wtp.WarLifecycleMapping lifecycle mapping for MavenProject: co.edu.unbosque:proyectocorte2frontinfan:0.0.1-SNAPSHOT @ E:\ProyectoCorte2\proyectocorte2frontinfan\pom.xml.
2025-09-16 16:56:53,852 [Worker-70: Enabling Maven Dependency Management] INFO  o.e.m.j.i.AbstractJavaProjectConfigurator - Adding source folder /proyectocorte2frontinfan/src/main/java
2025-09-16 16:56:53,853 [Worker-70: Enabling Maven Dependency Management] INFO  o.e.m.j.i.AbstractJavaProjectConfigurator - Adding resource folder /proyectocorte2frontinfan/src/main/resources
2025-09-16 16:56:53,853 [Worker-70: Enabling Maven Dependency Management] INFO  o.e.m.j.i.AbstractJavaProjectConfigurator - Adding source folder /proyectocorte2frontinfan/src/test/java
2025-09-16 16:56:53,853 [Worker-70: Enabling Maven Dependency Management] INFO  o.e.m.j.i.AbstractJavaProjectConfigurator - Adding resource folder /proyectocorte2frontinfan/src/test/resources
2025-09-16 16:56:54,020 [Worker-70: Enabling Maven Dependency Management] INFO  o.e.m.w.i.f.ResourceFilteringBuildParticipant - Cleaning filtered folder for proyectocorte2frontinfan
2025-09-16 16:56:54,034 [Worker-70: Enabling Maven Dependency Management] INFO  o.e.m.c.i.p.ProjectConfigurationManager - Update completed for 1 poms: local refresh takes 0.00 sec, refresh facades takes 0.00 sec, update config takes 0.00 sec 
2025-09-16 16:56:54,174 [Worker-66: Building] WARN  o.a.m.s.f.DefaultMavenResourcesFiltering - Using platform encoding (UTF-8 actually) to copy filtered resources, i.e. build is platform dependent!
2025-09-16 16:56:54,194 [Worker-66: Building] INFO  o.a.m.s.f.DefaultMavenResourcesFiltering - skip non existing resourceDirectory E:\ProyectoCorte2\proyectocorte2frontinfan\src\main\resources
2025-09-16 16:56:54,196 [Worker-66: Building] WARN  o.a.m.s.f.DefaultMavenResourcesFiltering - Using platform encoding (UTF-8 actually) to copy filtered resources, i.e. build is platform dependent!
2025-09-16 16:56:54,212 [Worker-66: Building] INFO  o.a.m.s.f.DefaultMavenResourcesFiltering - skip non existing resourceDirectory E:\ProyectoCorte2\proyectocorte2frontinfan\src\test\resources
2025-09-16 16:56:54,212 [Worker-66: Building] INFO  o.e.m.w.i.f.ResourceFilteringBuildParticipant - Changed resources require a complete clean of filtered resources of proyectocorte2frontinfan
2025-09-16 16:56:54,212 [Worker-66: Building] INFO  o.e.m.w.i.f.ResourceFilteringBuildParticipant - Executing resource filtering for proyectocorte2frontinfan
2025-09-16 16:57:09,525 [Worker-69: Building] WARN  o.a.m.s.f.DefaultMavenResourcesFiltering - Using platform encoding (UTF-8 actually) to copy filtered resources, i.e. build is platform dependent!
2025-09-16 16:57:09,544 [Worker-69: Building] INFO  o.a.m.s.f.DefaultMavenResourcesFiltering - skip non existing resourceDirectory E:\ProyectoCorte2\proyectocorte2frontinfan\src\main\resources
2025-09-16 16:57:09,545 [Worker-69: Building] WARN  o.a.m.s.f.DefaultMavenResourcesFiltering - Using platform encoding (UTF-8 actually) to copy filtered resources, i.e. build is platform dependent!
2025-09-16 16:57:09,565 [Worker-69: Building] INFO  o.a.m.s.f.DefaultMavenResourcesFiltering - skip non existing resourceDirectory E:\ProyectoCorte2\proyectocorte2frontinfan\src\test\resources
2025-09-16 16:58:23,112 [Worker-67: Building] WARN  o.a.m.s.f.DefaultMavenResourcesFiltering - Using platform encoding (UTF-8 actually) to copy filtered resources, i.e. build is platform dependent!
2025-09-16 16:58:23,141 [Worker-67: Building] INFO  o.a.m.s.f.DefaultMavenResourcesFiltering - skip non existing resourceDirectory E:\ProyectoCorte2\proyectocorte2frontinfan\src\main\resources
2025-09-16 16:58:23,145 [Worker-67: Building] WARN  o.a.m.s.f.DefaultMavenResourcesFiltering - Using platform encoding (UTF-8 actually) to copy filtered resources, i.e. build is platform dependent!
2025-09-16 16:58:23,171 [Worker-67: Building] INFO  o.a.m.s.f.DefaultMavenResourcesFiltering - skip non existing resourceDirectory E:\ProyectoCorte2\proyectocorte2frontinfan\src\test\resources
2025-09-16 16:58:27,888 [Worker-69: Building] WARN  o.a.m.s.f.DefaultMavenResourcesFiltering - Using platform encoding (UTF-8 actually) to copy filtered resources, i.e. build is platform dependent!
2025-09-16 16:58:27,906 [Worker-69: Building] INFO  o.a.m.s.f.DefaultMavenResourcesFiltering - skip non existing resourceDirectory E:\ProyectoCorte2\proyectocorte2frontinfan\src\main\resources
2025-09-16 16:58:27,908 [Worker-69: Building] WARN  o.a.m.s.f.DefaultMavenResourcesFiltering - Using platform encoding (UTF-8 actually) to copy filtered resources, i.e. build is platform dependent!
2025-09-16 16:58:27,927 [Worker-69: Building] INFO  o.a.m.s.f.DefaultMavenResourcesFiltering - skip non existing resourceDirectory E:\ProyectoCorte2\proyectocorte2frontinfan\src\test\resources
2025-09-16 16:58:40,219 [Worker-70: Building] INFO  o.e.m.c.i.l.LifecycleMappingFactory - Using org.maven.ide.eclipse.wtp.WarLifecycleMapping lifecycle mapping for MavenProject: co.edu.unbosque:proyectocorte2frontinfan:0.0.1-SNAPSHOT @ E:\ProyectoCorte2\proyectocorte2frontinfan\pom.xml.
2025-09-16 16:58:40,925 [Worker-70: Building] WARN  o.a.m.s.f.DefaultMavenResourcesFiltering - Using platform encoding (UTF-8 actually) to copy filtered resources, i.e. build is platform dependent!
2025-09-16 16:58:40,946 [Worker-70: Building] INFO  o.a.m.s.f.DefaultMavenResourcesFiltering - skip non existing resourceDirectory E:\ProyectoCorte2\proyectocorte2frontinfan\src\main\resources
2025-09-16 16:58:40,949 [Worker-70: Building] WARN  o.a.m.s.f.DefaultMavenResourcesFiltering - Using platform encoding (UTF-8 actually) to copy filtered resources, i.e. build is platform dependent!
2025-09-16 16:58:40,995 [Worker-70: Building] INFO  o.a.m.s.f.DefaultMavenResourcesFiltering - skip non existing resourceDirectory E:\ProyectoCorte2\proyectocorte2frontinfan\src\test\resources
2025-09-16 16:58:40,996 [Worker-70: Building] INFO  o.e.m.w.i.f.ResourceFilteringBuildParticipant - Changed resources require a complete clean of filtered resources of proyectocorte2frontinfan
2025-09-16 16:58:40,996 [Worker-70: Building] INFO  o.e.m.w.i.f.ResourceFilteringBuildParticipant - Executing resource filtering for proyectocorte2frontinfan
2025-09-16 16:59:38,840 [Worker-71: Building] WARN  o.a.m.s.f.DefaultMavenResourcesFiltering - Using platform encoding (UTF-8 actually) to copy filtered resources, i.e. build is platform dependent!
2025-09-16 16:59:38,866 [Worker-71: Building] INFO  o.a.m.s.f.DefaultMavenResourcesFiltering - skip non existing resourceDirectory E:\ProyectoCorte2\proyectocorte2frontinfan\src\main\resources
2025-09-16 16:59:38,869 [Worker-71: Building] WARN  o.a.m.s.f.DefaultMavenResourcesFiltering - Using platform encoding (UTF-8 actually) to copy filtered resources, i.e. build is platform dependent!
2025-09-16 16:59:38,892 [Worker-71: Building] INFO  o.a.m.s.f.DefaultMavenResourcesFiltering - skip non existing resourceDirectory E:\ProyectoCorte2\proyectocorte2frontinfan\src\test\resources
2025-09-16 17:06:31,277 [Worker-72: Building] WARN  o.a.m.s.f.DefaultMavenResourcesFiltering - Using platform encoding (UTF-8 actually) to copy filtered resources, i.e. build is platform dependent!
2025-09-16 17:06:31,302 [Worker-72: Building] INFO  o.a.m.s.f.DefaultMavenResourcesFiltering - skip non existing resourceDirectory E:\ProyectoCorte2\proyectocorte2frontinfan\src\main\resources
2025-09-16 17:06:31,306 [Worker-72: Building] WARN  o.a.m.s.f.DefaultMavenResourcesFiltering - Using platform encoding (UTF-8 actually) to copy filtered resources, i.e. build is platform dependent!
2025-09-16 17:06:31,327 [Worker-72: Building] INFO  o.a.m.s.f.DefaultMavenResourcesFiltering - skip non existing resourceDirectory E:\ProyectoCorte2\proyectocorte2frontinfan\src\test\resources
2025-09-16 17:06:37,112 [Worker-73: Building] WARN  o.a.m.s.f.DefaultMavenResourcesFiltering - Using platform encoding (UTF-8 actually) to copy filtered resources, i.e. build is platform dependent!
2025-09-16 17:06:37,135 [Worker-73: Building] INFO  o.a.m.s.f.DefaultMavenResourcesFiltering - skip non existing resourceDirectory E:\ProyectoCorte2\proyectocorte2frontinfan\src\main\resources
2025-09-16 17:06:37,137 [Worker-73: Building] WARN  o.a.m.s.f.DefaultMavenResourcesFiltering - Using platform encoding (UTF-8 actually) to copy filtered resources, i.e. build is platform dependent!
2025-09-16 17:06:37,163 [Worker-73: Building] INFO  o.a.m.s.f.DefaultMavenResourcesFiltering - skip non existing resourceDirectory E:\ProyectoCorte2\proyectocorte2frontinfan\src\test\resources
2025-09-16 17:19:31,845 [Worker-69: Building] WARN  o.a.m.s.f.DefaultMavenResourcesFiltering - Using platform encoding (UTF-8 actually) to copy filtered resources, i.e. build is platform dependent!
2025-09-16 17:19:31,874 [Worker-69: Building] INFO  o.a.m.s.f.DefaultMavenResourcesFiltering - skip non existing resourceDirectory E:\ProyectoCorte2\proyectocorte2frontinfan\src\main\resources
2025-09-16 17:19:31,876 [Worker-69: Building] WARN  o.a.m.s.f.DefaultMavenResourcesFiltering - Using platform encoding (UTF-8 actually) to copy filtered resources, i.e. build is platform dependent!
2025-09-16 17:19:31,899 [Worker-69: Building] INFO  o.a.m.s.f.DefaultMavenResourcesFiltering - skip non existing resourceDirectory E:\ProyectoCorte2\proyectocorte2frontinfan\src\test\resources
2025-09-16 20:02:23,381 [Worker-6: Loading available Gradle versions] INFO  o.e.b.c.i.u.g.PublishedGradleVersions - Gradle version information cache is out-of-date. Trying to update.
